Nicht: 00:52:22 deck shuffled
Nicht: 00:52:22 Cards dealt, P1 has the button.
Nicht: 00:52:22 New Game!
Nicht: 00:52:22 P1 starts the round by putting G8 in the middle.
Nicht: 00:52:22 Cards available: P2: Bx0 | P3: Yx-1 | P4: B8 | 
Nicht: 00:52:22 P1 chooses Yx-1
Nicht: 00:52:22 P3 chooses Bx0
Nicht: 00:52:22 P2 chooses B8
Nicht: 00:52:22 P4 takes G8 from the middle.
Nicht: 00:52:22 P4 starts the round by putting Y1 in the middle.
Nicht: 00:52:22 Cards available: P1: Gx-1 | P2: G2 | P3: G10 | 
Nicht: 00:52:22 P4 chooses G2
Nicht: 00:52:22 P2 chooses Gx-1
Nicht: 00:52:22 P1 chooses G10
Nicht: 00:52:22 P3 takes Y1 from the middle.
Nicht: 00:52:22 P3 starts the round by putting Gx2 in the middle.
Nicht: 00:52:22 Cards available: P1: R10 | P2: Rx-1 | P4: Y9 | 
Nicht: 00:52:22 P3 chooses Y9
Nicht: 00:52:22 P4 chooses R10
Nicht: 00:52:22 P1 chooses Rx-1
Nicht: 00:52:22 P2 takes Gx2 from the middle.
Nicht: 00:52:22 P2 starts the round by putting Rx-1 in the middle.
Nicht: 00:52:22 Cards available: P1: Rx-1 | P3: R2 | P4: R9 | 
Nicht: 00:52:22 P2 chooses R2
Nicht: 00:52:22 P3 chooses R9
Nicht: 00:52:22 P4 chooses Rx-1
Nicht: 00:52:22 P1 takes Rx-1 from the middle.
Nicht: 00:52:22 P1 starts the round by putting Y6 in the middle.
Nicht: 00:52:22 Cards available: P2: Yx0 | P3: B3 | P4: B2 | 
Nicht: 00:52:22 P1 chooses B2
Nicht: 00:52:22 P4 chooses B3
Nicht: 00:52:22 P3 chooses Yx0
Nicht: 00:52:22 P2 takes Y6 from the middle.
Nicht: 00:52:22 P2 starts the round by putting B6 in the middle.
Nicht: 00:52:22 Cards available: P1: Bx2 | P3: B7 | P4: Bx-1 | 
Nicht: 00:52:22 P2 chooses Bx2
Nicht: 00:52:22 P1 chooses Bx-1
Nicht: 00:52:22 P4 chooses B7
Nicht: 00:52:22 P3 takes B6 from the middle.
Nicht: 00:52:22 P3 starts the round by putting R6 in the middle.
Nicht: 00:52:22 Cards available: P1: G7 | P2: Y3 | P4: R5 | 
Nicht: 00:52:22 P3 chooses Y3
Nicht: 00:52:22 P2 chooses G7
Nicht: 00:52:22 P1 chooses R5
Nicht: 00:52:22 P4 takes R6 from the middle.
Nicht: 00:52:22 P4 starts the round by putting G4 in the middle.
Nicht: 00:52:22 Cards available: P1: Yx-1 | P2: Y8 | P3: B1 | 
Nicht: 00:52:22 P4 chooses Yx-1
Nicht: 00:52:22 P1 chooses Y8
Nicht: 00:52:22 P2 chooses B1
Nicht: 00:52:22 P3 takes G4 from the middle.
Nicht: 00:52:22 P3 starts the round by putting B9 in the middle.
Nicht: 00:52:22 Cards available: P1: Y7 | P2: R8 | P4: Rx0 | 
Nicht: 00:52:22 P3 chooses Rx0
Nicht: 00:52:22 P4 chooses Y7
Nicht: 00:52:22 P1 chooses R8
Nicht: 00:52:22 P2 takes B9 from the middle.
Nicht: 00:52:22 P2 starts the round by putting B5 in the middle.
Nicht: 00:52:22 Cards available: P1: Gx-1 | P3: Y2 | P4: Bx-1 | 
Nicht: 00:52:22 P2 chooses Bx-1
Nicht: 00:52:22 P4 chooses Y2
Nicht: 00:52:22 P3 chooses Gx-1
Nicht: 00:52:22 P1 takes B5 from the middle.
Nicht: 00:52:22 P1 starts the round by putting Yx2 in the middle.
Nicht: 00:52:22 Cards available: P2: G6 | P3: Y4 | P4: Rx2 | 
Nicht: 00:52:22 P1 chooses G6
Nicht: 00:52:22 P2 chooses Y4
Nicht: 00:52:22 P3 chooses Rx2
Nicht: 00:52:22 P4 takes Yx2 from the middle.
Nicht: 00:52:22 P4 starts the round by putting Yx-1 in the middle.
Nicht: 00:52:22 Cards available: P1: R3 | P2: R4 | P3: Bx-1 | 
Nicht: 00:52:22 P4 chooses R3
Nicht: 00:52:22 P1 chooses Bx-1
Nicht: 00:52:22 P3 chooses R4
Nicht: 00:52:22 P2 takes Yx-1 from the middle.
Nicht: 00:52:22 P2 starts the round by putting Y5 in the middle.
Nicht: 00:52:22 Cards available: P1: Gx-1 | P3: G3 | P4: G1 | 
Nicht: 00:52:22 P2 chooses G1
Nicht: 00:52:22 P4 chooses Gx-1
Nicht: 00:52:22 P1 chooses G3
Nicht: 00:52:22 P3 takes Y5 from the middle.
Nicht: 00:52:22 P3 starts the round by putting G5 in the middle.
Nicht: 00:52:22 Cards available: P1: B10 | P2: G9 | P4: R1 | 
Nicht: 00:52:22 P3 chooses G9
Nicht: 00:52:22 P2 chooses B10
Nicht: 00:52:22 P1 chooses R1
Nicht: 00:52:22 P4 takes G5 from the middle.
Nicht: 00:52:22 P4 starts the round by putting B4 in the middle.
Nicht: 00:52:22 Cards available: P1: R7 | P2: Gx0 | P3: Y10 | 
Nicht: 00:52:22 P4 chooses R7
Nicht: 00:52:22 P1 chooses Y10
Nicht: 00:52:22 P3 chooses Gx0
Nicht: 00:52:22 P2 takes B4 from the middle.
Nicht: 00:52:22 Round 2
Nicht: 00:52:22 P2 starts the round by putting G7 in the middle.
Nicht: 00:52:22 Cards available: P1: R9 | P3: Y4 | P4: Bx2 | 
Nicht: 00:52:22 P2 chooses Y4
Nicht: 00:52:22 P3 chooses R9
Nicht: 00:52:22 P1 chooses Bx2
Nicht: 00:52:22 P4 takes G7 from the middle.
Nicht: 00:52:22 P4 starts the round by putting B7 in the middle.
Nicht: 00:52:22 Cards available: P1: B3 | P2: Y10 | P3: Y5 | 
Nicht: 00:52:22 P4 chooses Y5
Nicht: 00:52:22 P3 chooses Y10
Nicht: 00:52:22 P2 chooses B3
Nicht: 00:52:22 P1 takes B7 from the middle.
Nicht: 00:52:22 P1 starts the round by putting R4 in the middle.
Nicht: 00:52:22 Cards available: P2: Y7 | P3: B2 | P4: R5 | 
Nicht: 00:52:22 P1 chooses Y7
Nicht: 00:52:22 P2 chooses B2
Nicht: 00:52:22 P3 chooses R5
Nicht: 00:52:22 P4 takes R4 from the middle.
Nicht: 00:52:22 P4 starts the round by putting B8 in the middle.
Nicht: 00:52:22 Cards available: P1: Rx-1 | P2: R8 | P3: G1 | 
Nicht: 00:52:22 P4 chooses Rx-1
Nicht: 00:52:22 P1 chooses G1
Nicht: 00:52:22 P3 chooses R8
Nicht: 00:52:22 P2 takes B8 from the middle.
Nicht: 00:52:22 P2 starts the round by putting R3 in the middle.
Nicht: 00:52:22 Cards available: P1: R10 | P3: Rx-1 | P4: G3 | 
Nicht: 00:52:22 P2 chooses G3
Nicht: 00:52:22 P4 chooses R10
Nicht: 00:52:22 P1 chooses Rx-1
Nicht: 00:52:22 P3 takes R3 from the middle.
Nicht: 00:52:22 P3 starts the round by putting Yx-1 in the middle.
Nicht: 00:52:22 Cards available: P1: B6 | P2: Rx2 | P4: Yx2 | 
Nicht: 00:52:22 P3 chooses Yx2
Nicht: 00:52:22 P4 chooses Rx2
Nicht: 00:52:22 P2 chooses B6
Nicht: 00:52:22 P1 takes Yx-1 from the middle.
Nicht: 00:52:22 P1 starts the round by putting Y9 in the middle.
Nicht: 00:52:22 Cards available: P2: G5 | P3: G4 | P4: Gx2 | 
Nicht: 00:52:22 P1 chooses G4
Nicht: 00:52:22 P3 chooses G5
Nicht: 00:52:22 P2 chooses Gx2
Nicht: 00:52:22 P4 takes Y9 from the middle.
Nicht: 00:52:22 P4 starts the round by putting B9 in the middle.
Nicht: 00:52:22 Cards available: P1: Y8 | P2: Gx0 | P3: B10 | 
Nicht: 00:52:22 P4 chooses Gx0
Nicht: 00:52:22 P2 chooses Y8
Nicht: 00:52:22 P1 chooses B10
Nicht: 00:52:22 P3 takes B9 from the middle.
Nicht: 00:52:22 P3 starts the round by putting G10 in the middle.
Nicht: 00:52:22 Cards available: P1: R2 | P2: Yx-1 | P4: Yx0 | 
Nicht: 00:52:22 P3 chooses R2
Nicht: 00:52:22 P1 chooses Yx-1
Nicht: 00:52:22 P2 chooses Yx0
Nicht: 00:52:22 P4 takes G10 from the middle.
Nicht: 00:52:22 P4 starts the round by putting Y2 in the middle.
Nicht: 00:52:22 Cards available: P1: Rx-1 | P2: B1 | P3: B5 | 
Nicht: 00:52:22 P4 chooses B5
Nicht: 00:52:22 P3 chooses Rx-1
Nicht: 00:52:22 P1 chooses B1
Nicht: 00:52:22 P2 takes Y2 from the middle.
Nicht: 00:52:22 P2 starts the round by putting Bx-1 in the middle.
Nicht: 00:52:22 Cards available: P1: R6 | P3: G9 | P4: G8 | 
Nicht: 00:52:22 P2 chooses G8
Nicht: 00:52:22 P4 chooses R6
Nicht: 00:52:22 P1 chooses G9
Nicht: 00:52:22 P3 takes Bx-1 from the middle.
Nicht: 00:52:22 P3 starts the round by putting R1 in the middle.
Nicht: 00:52:22 Cards available: P1: Bx-1 | P2: Rx0 | P4: Bx0 | 
Nicht: 00:52:22 P3 chooses Bx-1
Nicht: 00:52:22 P1 chooses Rx0
Nicht: 00:52:22 P2 chooses Bx0
Nicht: 00:52:22 P4 takes R1 from the middle.
Nicht: 00:52:22 P4 starts the round by putting Gx-1 in the middle.
Nicht: 00:52:22 Cards available: P1: Y3 | P2: R7 | P3: Y6 | 
Nicht: 00:52:22 P4 chooses Y3
Nicht: 00:52:22 P1 chooses R7
Nicht: 00:52:22 P2 chooses Y6
Nicht: 00:52:22 P3 takes Gx-1 from the middle.
Nicht: 00:52:22 P3 starts the round by putting G2 in the middle.
Nicht: 00:52:22 Cards available: P1: Yx-1 | P2: B4 | P4: Bx-1 | 
Nicht: 00:52:22 P3 chooses Yx-1
Nicht: 00:52:22 P1 chooses B4
Nicht: 00:52:22 P2 chooses Bx-1
Nicht: 00:52:22 P4 takes G2 from the middle.
Nicht: 00:52:22 P4 starts the round by putting Y1 in the middle.
Nicht: 00:52:22 Cards available: P1: Gx-1 | P2: G6 | P3: Gx-1 | 
Nicht: 00:52:22 P4 chooses Gx-1
Nicht: 00:52:22 P1 chooses Gx-1
Nicht: 00:52:22 P3 chooses G6
Nicht: 00:52:22 P2 takes Y1 from the middle.
Nicht: 00:52:22 Round 3
Nicht: 00:52:22 P2 starts the round by putting R2 in the middle.
Nicht: 00:52:22 Cards available: P1: B9 | P3: Gx-1 | P4: G7 | 
Nicht: 00:52:22 P2 chooses Gx-1
Nicht: 00:52:22 P3 chooses B9
Nicht: 00:52:22 P1 chooses G7
Nicht: 00:52:22 P4 takes R2 from the middle.
Nicht: 00:52:22 P4 starts the round by putting B7 in the middle.
Nicht: 00:52:22 Cards available: P1: B10 | P2: Bx2 | P3: G10 | 
Nicht: 00:52:22 P4 chooses Bx2
Nicht: 00:52:22 P2 chooses G10
Nicht: 00:52:22 P3 chooses B10
Nicht: 00:52:22 P1 takes B7 from the middle.
Nicht: 00:52:22 P1 starts the round by putting Yx2 in the middle.
Nicht: 00:52:22 Cards available: P2: Gx2 | P3: Gx-1 | P4: R8 | 
Nicht: 00:52:22 P1 chooses Gx-1
Nicht: 00:52:22 P3 chooses Gx2
Nicht: 00:52:22 P2 chooses R8
Nicht: 00:52:22 P4 takes Yx2 from the middle.
Nicht: 00:52:22 P4 starts the round by putting Yx-1 in the middle.
Nicht: 00:52:22 Cards available: P1: B5 | P2: Rx2 | P3: R4 | 
Nicht: 00:52:22 P4 chooses Rx2
Nicht: 00:52:22 P2 chooses B5
Nicht: 00:52:22 P1 chooses R4
Nicht: 00:52:22 P3 takes Yx-1 from the middle.
Nicht: 00:52:22 P3 starts the round by putting Y5 in the middle.
Nicht: 00:52:22 Cards available: P1: G4 | P2: R10 | P4: B3 | 
Nicht: 00:52:22 P3 chooses G4
Nicht: 00:52:22 P1 chooses B3
Nicht: 00:52:22 P4 chooses R10
Nicht: 00:52:22 P2 takes Y5 from the middle.
Nicht: 00:52:22 P2 starts the round by putting G9 in the middle.
Nicht: 00:52:22 Cards available: P1: G2 | P3: Bx-1 | P4: Yx-1 | 
Nicht: 00:52:22 P2 chooses G2
Nicht: 00:52:22 P1 chooses Bx-1
Nicht: 00:52:22 P3 chooses Yx-1
Nicht: 00:52:22 P4 takes G9 from the middle.
Nicht: 00:52:22 P4 starts the round by putting Rx-1 in the middle.
Nicht: 00:52:22 Cards available: P1: Rx0 | P2: Gx0 | P3: Y3 | 
Nicht: 00:52:22 P4 chooses Rx0
Nicht: 00:52:22 P1 chooses Gx0
Nicht: 00:52:22 P2 chooses Y3
Nicht: 00:52:22 P3 takes Rx-1 from the middle.
Nicht: 00:52:22 P3 starts the round by putting R1 in the middle.
Nicht: 00:52:22 Cards available: P1: Y1 | P2: Gx-1 | P4: Y4 | 
Nicht: 00:52:22 P3 chooses Y1
Nicht: 00:52:22 P1 chooses Y4
Nicht: 00:52:22 P4 chooses Gx-1
Nicht: 00:52:22 P2 takes R1 from the middle.
Nicht: 00:52:22 P2 starts the round by putting Y9 in the middle.
Nicht: 00:52:22 Cards available: P1: Yx0 | P3: B2 | P4: Y2 | 
Nicht: 00:52:22 P2 chooses Y2
Nicht: 00:52:22 P4 chooses Yx0
Nicht: 00:52:22 P1 chooses B2
Nicht: 00:52:22 P3 takes Y9 from the middle.
Nicht: 00:52:22 P3 starts the round by putting G5 in the middle.
Nicht: 00:52:22 Cards available: P1: Y6 | P2: Rx-1 | P4: Y10 | 
Nicht: 00:52:22 P3 chooses Y6
Nicht: 00:52:22 P1 chooses Rx-1
Nicht: 00:52:22 P2 chooses Y10
Nicht: 00:52:22 P4 takes G5 from the middle.
Nicht: 00:52:22 P4 starts the round by putting Bx-1 in the middle.
Nicht: 00:52:22 Cards available: P1: B4 | P2: G3 | P3: R5 | 
Nicht: 00:52:22 P4 chooses R5
Nicht: 00:52:22 P3 chooses G3
Nicht: 00:52:22 P2 chooses B4
Nicht: 00:52:22 P1 takes Bx-1 from the middle.
Nicht: 00:52:22 P1 starts the round by putting Bx0 in the middle.
Nicht: 00:52:22 Cards available: P2: G6 | P3: R9 | P4: Yx-1 | 
Nicht: 00:52:22 P1 chooses G6
Nicht: 00:52:22 P2 chooses Yx-1
Nicht: 00:52:22 P4 chooses R9
Nicht: 00:52:22 P3 takes Bx0 from the middle.
Nicht: 00:52:22 P3 starts the round by putting Bx-1 in the middle.
Nicht: 00:52:22 Cards available: P1: G1 | P2: B1 | P4: G8 | 
Nicht: 00:52:22 P3 chooses G1
Nicht: 00:52:22 P1 chooses G8
Nicht: 00:52:22 P4 chooses B1
Nicht: 00:52:22 P2 takes Bx-1 from the middle.
Nicht: 00:52:22 P2 starts the round by putting Y8 in the middle.
Nicht: 00:52:22 Cards available: P1: Rx-1 | P3: B6 | P4: R3 | 
Nicht: 00:52:22 P2 chooses B6
Nicht: 00:52:22 P3 chooses R3
Nicht: 00:52:22 P4 chooses Rx-1
Nicht: 00:52:22 P1 takes Y8 from the middle.
Nicht: 00:52:22 P1 starts the round by putting Y7 in the middle.
Nicht: 00:52:22 Cards available: P2: R7 | P3: B8 | P4: R6 | 
Nicht: 00:52:22 P1 chooses R7
Nicht: 00:52:22 P2 chooses B8
Nicht: 00:52:22 P3 chooses R6
Nicht: 00:52:22 P4 takes Y7 from the middle.
